<?xml version="1.0" encoding="UTF-8"?>
<testsuite xmlns:xsi="http://www.w3.org/2001/XMLSchema-instance" xsi:noNamespaceSchemaLocation="https://maven.apache.org/surefire/maven-surefire-plugin/xsd/surefire-test-report-3.0.xsd" version="3.0" name="com.inventorymanagement.assignment.AssignmentApplicationTests" time="2.754" tests="1" errors="0" skipped="0" failures="0">
  <properties>
[...]
</properties>
  <testcase name="contextLoads" classname="com.inventorymanagement.assignment.AssignmentApplicationTests" time="0.313">
    <system-out><![CDATA[22:13:20.294 [main] INFO org.springframework.test.context.support.AnnotationConfigContextLoaderUtils -- Could not detect default configuration classes for test class [com.inventorymanagement.assignment.AssignmentApplicationTests]: AssignmentApplicationTests does not declare any static, non-private, non-final, nested classes annotated with @Configuration.
22:13:20.365 [main] INFO org.springframework.boot.test.context.SpringBootTestContextBootstrapper -- Found @SpringBootConfiguration com.inventorymanagement.assignment.AssignmentApplication for test class com.inventorymanagement.assignment.AssignmentApplicationTests

  .   ____          _            __ _ _
 /\\ / ___'_ __ _ _(_)_ __  __ _ \ \ \ \
( ( )\___ | '_ | '_| | '_ \/ _` | \ \ \ \
 \\/  ___)| |_)| | | | | || (_| |  ) ) ) )
  '  |____| .__|_| |_|_| |_\__, | / / / /
 =========|_|==============|___/=/_/_/_/
 :: Spring Boot ::                (v3.1.2)

2023-08-09T22:13:20.568+05:30  INFO 39751 --- [           main] c.i.a.AssignmentApplicationTests         : Starting AssignmentApplicationTests using Java 20.0.1 with PID 39751 (started by rushikaananya in /Users/rushikaananya/InventoryManagementSystem/InventoryManagementSystem)
2023-08-09T22:13:20.569+05:30  INFO 39751 --- [           main] c.i.a.AssignmentApplicationTests         : No active profile set, falling back to 1 default profile: "default"
2023-08-09T22:13:20.985+05:30  INFO 39751 --- [           main] .s.d.r.c.RepositoryConfigurationDelegate : Bootstrapping Spring Data JPA repositories in DEFAULT mode.
2023-08-09T22:13:21.011+05:30  INFO 39751 --- [           main] .s.d.r.c.RepositoryConfigurationDelegate : Finished Spring Data repository scanning in 22 ms. Found 2 JPA repository interfaces.
2023-08-09T22:13:21.242+05:30  INFO 39751 --- [           main] com.zaxxer.hikari.HikariDataSource       : HikariPool-1 - Starting...
2023-08-09T22:13:21.517+05:30  INFO 39751 --- [           main] com.zaxxer.hikari.pool.HikariPool        : HikariPool-1 - Added connection com.mysql.cj.jdbc.ConnectionImpl@13866329
2023-08-09T22:13:21.518+05:30  INFO 39751 --- [           main] com.zaxxer.hikari.HikariDataSource       : HikariPool-1 - Start completed.
2023-08-09T22:13:21.542+05:30  INFO 39751 --- [           main] o.hibernate.jpa.internal.util.LogHelper  : HHH000204: Processing PersistenceUnitInfo [name: default]
2023-08-09T22:13:21.569+05:30  INFO 39751 --- [           main] org.hibernate.Version                    : HHH000412: Hibernate ORM core version 6.2.6.Final
2023-08-09T22:13:21.570+05:30  INFO 39751 --- [           main] org.hibernate.cfg.Environment            : HHH000406: Using bytecode reflection optimizer
2023-08-09T22:13:21.632+05:30  INFO 39751 --- [           main] o.h.b.i.BytecodeProviderInitiator        : HHH000021: Bytecode provider name : bytebuddy
2023-08-09T22:13:21.699+05:30  INFO 39751 --- [           main] o.s.o.j.p.SpringPersistenceUnitInfo      : No LoadTimeWeaver setup: ignoring JPA class transformer
2023-08-09T22:13:21.738+05:30  WARN 39751 --- [           main] org.hibernate.orm.deprecation            : HHH90000026: MySQL57Dialect has been deprecated; use org.hibernate.dialect.MySQLDialect instead
2023-08-09T22:13:21.831+05:30  INFO 39751 --- [           main] o.h.b.i.BytecodeProviderInitiator        : HHH000021: Bytecode provider name : bytebuddy
2023-08-09T22:13:22.123+05:30  INFO 39751 --- [           main] o.h.e.t.j.p.i.JtaPlatformInitiator       : HHH000490: Using JtaPlatform implementation: [org.hibernate.engine.transaction.jta.platform.internal.NoJtaPlatform]
2023-08-09T22:13:22.124+05:30  INFO 39751 --- [           main] j.LocalContainerEntityManagerFactoryBean : Initialized JPA EntityManagerFactory for persistence unit 'default'
2023-08-09T22:13:22.364+05:30  WARN 39751 --- [           main] JpaBaseConfiguration$JpaWebConfiguration : spring.jpa.open-in-view is enabled by default. Therefore, database queries may be performed during view rendering. Explicitly configure spring.jpa.open-in-view to disable this warning
2023-08-09T22:13:22.562+05:30  INFO 39751 --- [           main] c.i.a.AssignmentApplicationTests         : Started AssignmentApplicationTests in 2.123 seconds (process running for 2.725)
]]></system-out>
  </testcase>
</testsuite>